Build started 05-Aug-17 3:54:12 AM.
     1>Project "C:\Users\User\Desktop\Lab project\BubbleUp\BubbleUp\BubbleUp.vcxproj" on node 2 (build target(s)).
     1>InitializeBuildStatus:
         Creating "Debug\BubbleUp.unsuccessfulbuild" because "AlwaysCreate" was specified.
       ClCompile:
         D:\Microsoft Visual Studio\VC\bin\CL.exe /c /ZI /nologo /W3 /WX- /Od /Oy- /D _MBCS /Gm /EHsc /RTC1 /MDd /GS /fp:precise /Zc:wchar_t /Zc:forScope /Fo"Debug\\" /Fd"Debug\vc100.pdb" /Gd /TP /analyze- /errorReport:prompt iMain.cpp
         iMain.cpp
     1>c:\users\user\desktop\lab project\bubbleup\bubbleup\imain.cpp(103): warning C4996: 'fopen': This function or variable may be unsafe. Consider using fopen_s instead. To disable deprecation, use _CRT_SECURE_NO_WARNINGS. See online help for details.
                 d:\microsoft visual studio\vc\include\stdio.h(234) : see declaration of 'fopen'
     1>c:\users\user\desktop\lab project\bubbleup\bubbleup\imain.cpp(106): warning C4996: 'fscanf': This function or variable may be unsafe. Consider using fscanf_s instead. To disable deprecation, use _CRT_SECURE_NO_WARNINGS. See online help for details.
                 d:\microsoft visual studio\vc\include\stdio.h(253) : see declaration of 'fscanf'
     1>c:\users\user\desktop\lab project\bubbleup\bubbleup\imain.cpp(98): warning C4101: 'index' : unreferenced local variable
     1>c:\users\user\desktop\lab project\bubbleup\bubbleup\imain.cpp(100): warning C4101: 'j' : unreferenced local variable
     1>c:\users\user\desktop\lab project\bubbleup\bubbleup\imain.cpp(125): warning C4996: 'fopen': This function or variable may be unsafe. Consider using fopen_s instead. To disable deprecation, use _CRT_SECURE_NO_WARNINGS. See online help for details.
                 d:\microsoft visual studio\vc\include\stdio.h(234) : see declaration of 'fopen'
     1>c:\users\user\desktop\lab project\bubbleup\bubbleup\imain.cpp(196): warning C4996: '_itoa': This function or variable may be unsafe. Consider using _itoa_s instead. To disable deprecation, use _CRT_SECURE_NO_WARNINGS. See online help for details.
                 d:\microsoft visual studio\vc\include\stdlib.h(451) : see declaration of '_itoa'
     1>c:\users\user\desktop\lab project\bubbleup\bubbleup\imain.cpp(199): warning C4996: '_itoa': This function or variable may be unsafe. Consider using _itoa_s instead. To disable deprecation, use _CRT_SECURE_NO_WARNINGS. See online help for details.
                 d:\microsoft visual studio\vc\include\stdlib.h(451) : see declaration of '_itoa'
     1>c:\users\user\desktop\lab project\bubbleup\bubbleup\imain.cpp(207): warning C4996: '_itoa': This function or variable may be unsafe. Consider using _itoa_s instead. To disable deprecation, use _CRT_SECURE_NO_WARNINGS. See online help for details.
                 d:\microsoft visual studio\vc\include\stdlib.h(451) : see declaration of '_itoa'
     1>c:\users\user\desktop\lab project\bubbleup\bubbleup\imain.cpp(210): warning C4996: '_itoa': This function or variable may be unsafe. Consider using _itoa_s instead. To disable deprecation, use _CRT_SECURE_NO_WARNINGS. See online help for details.
                 d:\microsoft visual studio\vc\include\stdlib.h(451) : see declaration of '_itoa'
     1>c:\users\user\desktop\lab project\bubbleup\bubbleup\imain.cpp(266): warning C4996: '_itoa': This function or variable may be unsafe. Consider using _itoa_s instead. To disable deprecation, use _CRT_SECURE_NO_WARNINGS. See online help for details.
                 d:\microsoft visual studio\vc\include\stdlib.h(451) : see declaration of '_itoa'
       Link:
         D:\Microsoft Visual Studio\VC\bin\link.exe /ERRORREPORT:PROMPT /OUT:"C:\Users\User\Desktop\Lab project\BubbleUp\Debug\BubbleUp.exe" /NOLOGO kernel32.lib user32.lib gdi32.lib winspool.lib comdlg32.lib advapi32.lib shell32.lib ole32.lib oleaut32.lib uuid.lib odbc32.lib odbccp32.lib /MANIFEST /ManifestFile:"Debug\BubbleUp.exe.intermediate.manifest" /MANIFESTUAC:"level='asInvoker' uiAccess='false'" /DEBUG /PDB:"C:\Users\User\Desktop\Lab project\BubbleUp\Debug\BubbleUp.pdb" /TLBID:1 /DYNAMICBASE /NXCOMPAT /IMPLIB:"C:\Users\User\Desktop\Lab project\BubbleUp\Debug\BubbleUp.lib" /MACHINE:X86 Debug\iMain.obj
         LINK : C:\Users\User\Desktop\Lab project\BubbleUp\Debug\BubbleUp.exe not found or not built by the last incremental link; performing full link
         BubbleUp.vcxproj -> C:\Users\User\Desktop\Lab project\BubbleUp\Debug\BubbleUp.exe
       Manifest:
         C:\Program Files (x86)\Microsoft SDKs\Windows\v7.0A\bin\mt.exe /nologo /verbose /outputresource:"C:\Users\User\Desktop\Lab project\BubbleUp\Debug\BubbleUp.exe;#1" /manifest Debug\BubbleUp.exe.intermediate.manifest
       FinalizeBuildStatus:
         Deleting file "Debug\BubbleUp.unsuccessfulbuild".
         Touching "Debug\BubbleUp.lastbuildstate".
     1>Done Building Project "C:\Users\User\Desktop\Lab project\BubbleUp\BubbleUp\BubbleUp.vcxproj" (build target(s)).

Build succeeded.

Time Elapsed 00:00:00.67
